Flow report for Euklidischer_Algorithmus
Sat Mar  8 18:37:48 2025
Quartus Prime Version 21.1.0 Build 842 10/21/2021 SJ Lite Edition


---------------------
; Table of Contents ;
---------------------
  1. Legal Notice
  2. Flow Summary
  3. Flow Settings
  4. Flow Non-Default Global Settings
  5. Flow Elapsed Time
  6. Flow OS Summary
  7. Flow Log
  8. Flow Messages
  9. Flow Suppressed Messages



----------------
; Legal Notice ;
----------------
Copyright (C) 2021  Intel Corporation. All rights reserved.
Your use of Intel Corporation's design tools, logic functions 
and other software and tools, and any partner logic 
functions, and any output files from any of the foregoing 
(including device programming or simulation files), and any 
associated documentation or information are expressly subject 
to the terms and conditions of the Intel Program License 
Subscription Agreement, the Intel Quartus Prime License Agreement,
the Intel FPGA IP License Agreement, or other applicable license
agreement, including, without limitation, that your use is for
the sole purpose of programming logic devices manufactured by
Intel and sold by Intel or its authorized distributors.  Please
refer to the applicable agreement for further details, at
https://fpgasoftware.intel.com/eula.



+----------------------------------------------------------------------------------+
; Flow Summary                                                                     ;
+------------------------------------+---------------------------------------------+
; Flow Status                        ; Successful - Sat Mar  8 18:37:44 2025       ;
; Quartus Prime Version              ; 21.1.0 Build 842 10/21/2021 SJ Lite Edition ;
; Revision Name                      ; Euklidischer_Algorithmus                    ;
; Top-level Entity Name              ; ggt_top                                     ;
; Family                             ; MAX 10                                      ;
; Device                             ; 10M16SAU169C8G                              ;
; Timing Models                      ; Final                                       ;
; Total logic elements               ; 472 / 15,840 ( 3 % )                        ;
;     Total combinational functions  ; 446 / 15,840 ( 3 % )                        ;
;     Dedicated logic registers      ; 199 / 15,840 ( 1 % )                        ;
; Total registers                    ; 199                                         ;
; Total pins                         ; 52 / 130 ( 40 % )                           ;
; Total virtual pins                 ; 0                                           ;
; Total memory bits                  ; 0 / 562,176 ( 0 % )                         ;
; Embedded Multiplier 9-bit elements ; 0 / 90 ( 0 % )                              ;
; Total PLLs                         ; 0 / 1 ( 0 % )                               ;
; UFM blocks                         ; 0 / 1 ( 0 % )                               ;
; ADC blocks                         ; 0 / 1 ( 0 % )                               ;
+------------------------------------+---------------------------------------------+


+----------------------------------------------+
; Flow Settings                                ;
+-------------------+--------------------------+
; Option            ; Setting                  ;
+-------------------+--------------------------+
; Start date & time ; 03/08/2025 18:37:19      ;
; Main task         ; Compilation              ;
; Revision Name     ; Euklidischer_Algorithmus ;
+-------------------+--------------------------+


+------------------------------------------------------------------------------------------------------------------------------------+
; Flow Non-Default Global Settings                                                                                                   ;
+-------------------------------------+----------------------------------------+--------------------------+-------------+------------+
; Assignment Name                     ; Value                                  ; Default Value            ; Entity Name ; Section Id ;
+-------------------------------------+----------------------------------------+--------------------------+-------------+------------+
; COMPILER_SIGNATURE_ID               ; 58067796024811.174145543913060         ; --                       ; --          ; --         ;
; FLOW_ENABLE_POWER_ANALYZER          ; On                                     ; Off                      ; --          ; --         ;
; MAX_CORE_JUNCTION_TEMP              ; 85                                     ; --                       ; --          ; --         ;
; MIN_CORE_JUNCTION_TEMP              ; 0                                      ; --                       ; --          ; --         ;
; PARTITION_COLOR                     ; -- (Not supported for targeted family) ; --                       ; ggt_top     ; Top        ;
; PARTITION_FITTER_PRESERVATION_LEVEL ; -- (Not supported for targeted family) ; --                       ; ggt_top     ; Top        ;
; PARTITION_NETLIST_TYPE              ; -- (Not supported for targeted family) ; --                       ; ggt_top     ; Top        ;
; POWER_BOARD_THERMAL_MODEL           ; None (CONSERVATIVE)                    ; --                       ; --          ; --         ;
; POWER_DEFAULT_INPUT_IO_TOGGLE_RATE  ; 12.5 %                                 ; 12.5%                    ; --          ; --         ;
; POWER_PRESET_COOLING_SOLUTION       ; 23 MM HEAT SINK WITH 200 LFPM AIRFLOW  ; --                       ; --          ; --         ;
; PROJECT_OUTPUT_DIRECTORY            ; output_files                           ; --                       ; --          ; --         ;
; TOP_LEVEL_ENTITY                    ; ggt_top                                ; Euklidischer_Algorithmus ; --          ; --         ;
+-------------------------------------+----------------------------------------+--------------------------+-------------+------------+


+--------------------------------------------------------------------------------------------------------------------------+
; Flow Elapsed Time                                                                                                        ;
+----------------------+--------------+-------------------------+---------------------+------------------------------------+
; Module Name          ; Elapsed Time ; Average Processors Used ; Peak Virtual Memory ; Total CPU Time (on all processors) ;
+----------------------+--------------+-------------------------+---------------------+------------------------------------+
; Analysis & Synthesis ; 00:00:08     ; 1.0                     ; 4788 MB             ; 00:00:19                           ;
; Fitter               ; 00:00:10     ; 1.2                     ; 5593 MB             ; 00:00:13                           ;
; Assembler            ; 00:00:01     ; 1.0                     ; 4760 MB             ; 00:00:01                           ;
; Power Analyzer       ; 00:00:02     ; 1.4                     ; 4874 MB             ; 00:00:03                           ;
; Timing Analyzer      ; 00:00:03     ; 1.3                     ; 4883 MB             ; 00:00:03                           ;
; Total                ; 00:00:24     ; --                      ; --                  ; 00:00:39                           ;
+----------------------+--------------+-------------------------+---------------------+------------------------------------+


+------------------------------------------------------------------------------------+
; Flow OS Summary                                                                    ;
+----------------------+------------------+------------+------------+----------------+
; Module Name          ; Machine Hostname ; OS Name    ; OS Version ; Processor type ;
+----------------------+------------------+------------+------------+----------------+
; Analysis & Synthesis ; DESKTOP-LG8K3GI  ; Windows 10 ; 10.0       ; x86_64         ;
; Fitter               ; DESKTOP-LG8K3GI  ; Windows 10 ; 10.0       ; x86_64         ;
; Assembler            ; DESKTOP-LG8K3GI  ; Windows 10 ; 10.0       ; x86_64         ;
; Power Analyzer       ; DESKTOP-LG8K3GI  ; Windows 10 ; 10.0       ; x86_64         ;
; Timing Analyzer      ; DESKTOP-LG8K3GI  ; Windows 10 ; 10.0       ; x86_64         ;
+----------------------+------------------+------------+------------+----------------+


------------
; Flow Log ;
------------
quartus_map --read_settings_files=on --write_settings_files=off Euklidischer_Algorithmus -c Euklidischer_Algorithmus
quartus_fit --read_settings_files=off --write_settings_files=off Euklidischer_Algorithmus -c Euklidischer_Algorithmus
quartus_asm --read_settings_files=off --write_settings_files=off Euklidischer_Algorithmus -c Euklidischer_Algorithmus
quartus_pow --read_settings_files=off --write_settings_files=off Euklidischer_Algorithmus -c Euklidischer_Algorithmus
quartus_sta Euklidischer_Algorithmus -c Euklidischer_Algorithmus



