Power Analyzer report for Euklidischer_Algorithmus
Thu Mar 13 11:17:04 2025
Quartus Prime Version 21.1.0 Build 842 10/21/2021 SJ Lite Edition


---------------------
; Table of Contents ;
---------------------
  1. Legal Notice
  2. Parallel Compilation
  3. Power Analyzer Summary
  4. Power Analyzer Settings
  5. Indeterminate Toggle Rates
  6. Operating Conditions Used
  7. Thermal Power Dissipation by Block
  8. Thermal Power Dissipation by Block Type
  9. Thermal Power Dissipation by Hierarchy
 10. Core Dynamic Thermal Power Dissipation by Clock Domain
 11. Current Drawn from Voltage Supplies Summary
 12. VCCIO Supply Current Drawn by I/O Bank
 13. VCCIO Supply Current Drawn by Voltage
 14. Confidence Metric Details
 15. Signal Activities
 16. Power Analyzer Messages



----------------
; Legal Notice ;
----------------
Copyright (C) 2021  Intel Corporation. All rights reserved.
Your use of Intel Corporation's design tools, logic functions 
and other software and tools, and any partner logic 
functions, and any output files from any of the foregoing 
(including device programming or simulation files), and any 
associated documentation or information are expressly subject 
to the terms and conditions of the Intel Program License 
Subscription Agreement, the Intel Quartus Prime License Agreement,
the Intel FPGA IP License Agreement, or other applicable license
agreement, including, without limitation, that your use is for
the sole purpose of programming logic devices manufactured by
Intel and sold by Intel or its authorized distributors.  Please
refer to the applicable agreement for further details, at
https://fpgasoftware.intel.com/eula.



+------------------------------------------+
; Parallel Compilation                     ;
+----------------------------+-------------+
; Processors                 ; Number      ;
+----------------------------+-------------+
; Number detected on machine ; 8           ;
; Maximum allowed            ; 4           ;
;                            ;             ;
; Average used               ; 1.31        ;
; Maximum used               ; 4           ;
;                            ;             ;
; Usage by Processor         ; % Time Used ;
;     Processor 1            ; 100.0%      ;
;     Processors 2-4         ;  10.3%      ;
+----------------------------+-------------+


+-------------------------------------------------------------------------------------------+
; Power Analyzer Summary                                                                    ;
+----------------------------------------+--------------------------------------------------+
; Power Analyzer Status                  ; Successful - Thu Mar 13 11:17:04 2025            ;
; Quartus Prime Version                  ; 21.1.0 Build 842 10/21/2021 SJ Lite Edition      ;
; Revision Name                          ; Euklidischer_Algorithmus                         ;
; Top-level Entity Name                  ; testbench                                        ;
; Family                                 ; MAX 10                                           ;
; Device                                 ; 10M08SAU169C8G                                   ;
; Power Models                           ; Final                                            ;
; Total Thermal Power Dissipation        ; 131.66 mW                                        ;
; Core Dynamic Thermal Power Dissipation ; 1.39 mW                                          ;
; Core Static Thermal Power Dissipation  ; 121.02 mW                                        ;
; I/O Thermal Power Dissipation          ; 9.25 mW                                          ;
; Power Estimation Confidence            ; Low: user provided insufficient toggle rate data ;
+----------------------------------------+--------------------------------------------------+


+--------------------------------------------------------------------------------------------------------------------------+
; Power Analyzer Settings                                                                                                  ;
+------------------------------------------------------------------+---------------------------------------+---------------+
; Option                                                           ; Setting                               ; Default Value ;
+------------------------------------------------------------------+---------------------------------------+---------------+
; Maximum processors allowed for parallel compilation              ; All                                   ;               ;
; Use smart compilation                                            ; Off                                   ; Off           ;
; Enable parallel Assembler and Timing Analyzer during compilation ; On                                    ; On            ;
; Enable compact report table                                      ; Off                                   ; Off           ;
; Default Power Input I/O Toggle Rate                              ; 12.5%                                 ; 12.5%         ;
; Preset Cooling Solution                                          ; 23 MM HEAT SINK WITH 200 LFPM AIRFLOW ;               ;
; Board thermal model                                              ; None (CONSERVATIVE)                   ;               ;
; Default Power Toggle Rate                                        ; 12.5%                                 ; 12.5%         ;
; Use vectorless estimation                                        ; On                                    ; On            ;
; Use Input Files                                                  ; Off                                   ; Off           ;
; Filter Glitches in VCD File Reader                               ; On                                    ; On            ;
; Power Analyzer Report Signal Activity                            ; Off                                   ; Off           ;
; Power Analyzer Report Power Dissipation                          ; Off                                   ; Off           ;
; Device Power Characteristics                                     ; TYPICAL                               ; TYPICAL       ;
; Automatically Compute Junction Temperature                       ; On                                    ; On            ;
; Specified Junction Temperature                                   ; 25                                    ; 25            ;
; Ambient Temperature                                              ; 25                                    ; 25            ;
; Use Custom Cooling Solution                                      ; Off                                   ; Off           ;
; Board Temperature                                                ; 25                                    ; 25            ;
+------------------------------------------------------------------+---------------------------------------+---------------+


+-------------------------------------------------------------------------------------------------------------------------------------------------------+
; Indeterminate Toggle Rates                                                                                                                            ;
+-------------------------------------------------------------------------------------------------------------------------+-----------------------------+
; Node                                                                                                                    ; Reason                      ;
+-------------------------------------------------------------------------------------------------------------------------+-----------------------------+
; logic_pll:PLL|altpll:altpll_component|logic_pll_altpll:auto_generated|wire_pll1_clk[0]                                  ; No valid clock domain found ;
; clk                                                                                                                     ; No valid clock domain found ;
; ggt_top:TOP|datapath:datapath|Zahl2_r[1]~2clkctrl                                                                       ; No valid clock domain found ;
; ggt_top:TOP|datapath:datapath|alu:alu|modulo_top:modulo|controller_modulo:controller|current_state.STATE_update~clkctrl ; No valid clock domain found ;
; logic_pll:PLL|altpll:altpll_component|logic_pll_altpll:auto_generated|wire_pll1_clk[0]~clkctrl                          ; No valid clock domain found ;
; ggt_top:TOP|datapath:datapath|Zahl1_r[0]~2clkctrl                                                                       ; No valid clock domain found ;
+-------------------------------------------------------------------------------------------------------------------------+-----------------------------+


+--------------------------------------------------------------------------+
; Operating Conditions Used                                                ;
+---------------------------------------------+----------------------------+
; Setting                                     ; Value                      ;
+---------------------------------------------+----------------------------+
; Device power characteristics                ; Typical                    ;
;                                             ;                            ;
; Voltages                                    ;                            ;
;     VCCA                                    ; 3.00 V                     ;
;     VCC_ONE                                 ; 3.00 V                     ;
;     3.3-V LVTTL I/O Standard                ; 3.3 V                      ;
;     2.5 V I/O Standard                      ; 2.5 V                      ;
;     2.5 V Schmitt Trigger I/O Standard      ; 2.5 V                      ;
;                                             ;                            ;
; Auto computed junction temperature          ; 27.6 degrees Celsius       ;
;     Ambient temperature                     ; 25.0 degrees Celsius       ;
;     Junction-to-Case thermal resistance     ; 11.20 degrees Celsius/Watt ;
;     Case-to-Heat Sink thermal resistance    ; 0.10 degrees Celsius/Watt  ;
;     Heat Sink-to-Ambient thermal resistance ; 8.20 degrees Celsius/Watt  ;
;                                             ;                            ;
; Board model used                            ; None                       ;
+---------------------------------------------+----------------------------+


+----------------------------------------------------------------------------------------------------------------------------------------------+
; Thermal Power Dissipation by Block                                                                                                           ;
+------------+------------+---------------------+-----------------------------+--------------------------------+-------------------------------+
; Block Name ; Block Type ; Total Thermal Power ; Block Thermal Dynamic Power ; Block Thermal Static Power (1) ; Routing Thermal Dynamic Power ;
+------------+------------+---------------------+-----------------------------+--------------------------------+-------------------------------+
(1) The "Thermal Power Dissipation by Block" Table has been hidden. To show this table, please select the "Write power dissipation by block to report file" option under "PowerPlay Power Analyzer Settings".


+--------------------------------------------------------------------------------------------------------------------------------------------------------------------------------------------------------------------+
; Thermal Power Dissipation by Block Type                                                                                                                                                                            ;
+---------------------+-----------------------------------+-----------------------------+--------------------------------+-------------------------------+-----------------------------------------------------------+
; Block Type          ; Total Thermal Power by Block Type ; Block Thermal Dynamic Power ; Block Thermal Static Power (1) ; Routing Thermal Dynamic Power ; Block Average Toggle Rate (millions of transitions / sec) ;
+---------------------+-----------------------------------+-----------------------------+--------------------------------+-------------------------------+-----------------------------------------------------------+
; JTAG                ; 0.00 mW                           ; 0.00 mW                     ; --                             ; 0.00 mW                       ;    6.875                                                  ;
; M9K                 ; 0.09 mW                           ; 0.09 mW                     ; --                             ; 0.00 mW                       ;    0.625                                                  ;
; Combinational cell  ; 0.04 mW                           ; 0.03 mW                     ; --                             ; 0.01 mW                       ;    0.332                                                  ;
; Clock control block ; 0.27 mW                           ; 0.00 mW                     ; --                             ; 0.27 mW                       ;    4.000                                                  ;
; Register cell       ; 0.15 mW                           ; 0.11 mW                     ; --                             ; 0.04 mW                       ;    0.551                                                  ;
; I/O                 ; 0.22 mW                           ; 0.15 mW                     ; 0.07 mW                        ; 0.00 mW                       ;    3.056                                                  ;
; Voltage Regulator   ; 1.60 mW                           ; 0.84 mW                     ; 0.76 mW                        ; --                            ; --                                                        ;
+---------------------+-----------------------------------+-----------------------------+--------------------------------+-------------------------------+-----------------------------------------------------------+
(1) The "Block Thermal Static Power" for all block types except Pins and the Voltage Regulator, if one exists, is part of the "Core Static Thermal Power Dissipation" value found on the PowerPlay Power Analyzer-->Summary report panel. The "Core Static Thermal Power Dissipation" also contains the thermal static power dissipated by the routing.


+---------------------------------------------------------------------------------------------------------------------------------------------------------------------------------------------------------------------------------------------------------------------------------------------------------------------------------------------------------------------------------------------------------------------------------------------------------------------------------------------------------------------------------------------------------------------------------------------------------------------------------------------------+
; Thermal Power Dissipation by Hierarchy                                                                                                                                                                                                                                                                                                                                                                                                                                                                                                                                                                                                            ;
+------------------------------------------------------------------------------------------------------------------------------------------+--------------------------------------+---------------------------------+-----------------------------------+-----------------------------------+-------------------------------------------------------------------------------------------------------------------------------------------------------------------------------------------------------------------------------------------------------------------------------------------------------------------------------------------------------+
; Compilation Hierarchy Node                                                                                                               ; Total Thermal Power by Hierarchy (1) ; Block Thermal Dynamic Power (1) ; Block Thermal Static Power (1)(2) ; Routing Thermal Dynamic Power (1) ; Full Hierarchy Name                                                                                                                                                                                                                                                                                                                                   ;
+------------------------------------------------------------------------------------------------------------------------------------------+--------------------------------------+---------------------------------+-----------------------------------+-----------------------------------+-------------------------------------------------------------------------------------------------------------------------------------------------------------------------------------------------------------------------------------------------------------------------------------------------------------------------------------------------------+
; |testbench                                                                                                                               ; 2.37 mW (2.09 mW)                    ; 1.22 mW (0.99 mW)               ; 0.83 mW (0.83 mW)                 ; 0.32 mW (0.27 mW)                 ; |testbench                                                                                                                                                                                                                                                                                                                                            ;
;     |LEDM:MEM1                                                                                                                           ; 0.16 mW (0.00 mW)                    ; 0.13 mW (0.00 mW)               ; --                                ; 0.02 mW (0.00 mW)                 ; |testbench|LEDM:MEM1                                                                                                                                                                                                                                                                                                                                  ;
;         |altsyncram:altsyncram_component                                                                                                 ; 0.16 mW (0.00 mW)                    ; 0.13 mW (0.00 mW)               ; --                                ; 0.02 mW (0.00 mW)                 ; |testbench|LEDM:MEM1|altsyncram:altsyncram_component                                                                                                                                                                                                                                                                                                  ;
;             |altsyncram_6ng1:auto_generated                                                                                              ; 0.16 mW (0.00 mW)                    ; 0.13 mW (0.00 mW)               ; --                                ; 0.02 mW (0.00 mW)                 ; |testbench|LEDM:MEM1|altsyncram:altsyncram_component|altsyncram_6ng1:auto_generated                                                                                                                                                                                                                                                                   ;
;                 |altsyncram_e272:altsyncram1                                                                                             ; 0.09 mW (0.09 mW)                    ; 0.09 mW (0.09 mW)               ; --                                ; 0.00 mW (0.00 mW)                 ; |testbench|LEDM:MEM1|altsyncram:altsyncram_component|altsyncram_6ng1:auto_generated|altsyncram_e272:altsyncram1                                                                                                                                                                                                                                       ;
;                 |sld_mod_ram_rom:mgl_prim2                                                                                               ; 0.07 mW (0.06 mW)                    ; 0.04 mW (0.04 mW)               ; --                                ; 0.02 mW (0.02 mW)                 ; |testbench|LEDM:MEM1|altsyncram:altsyncram_component|altsyncram_6ng1:auto_generated|sld_mod_ram_rom:mgl_prim2                                                                                                                                                                                                                                         ;
;                     |sld_rom_sr:\ram_rom_logic_gen:name_gen:info_rom_sr                                                                  ; 0.01 mW (0.01 mW)                    ; 0.01 mW (0.01 mW)               ; --                                ; 0.00 mW (0.00 mW)                 ; |testbench|LEDM:MEM1|altsyncram:altsyncram_component|altsyncram_6ng1:auto_generated|sld_mod_ram_rom:mgl_prim2|sld_rom_sr:\ram_rom_logic_gen:name_gen:info_rom_sr                                                                                                                                                                                      ;
;                     |sld_jtag_endpoint_adapter:jtag_signal_adapter                                                                       ; 0.00 mW (0.00 mW)                    ; 0.00 mW (0.00 mW)               ; --                                ; 0.00 mW (0.00 mW)                 ; |testbench|LEDM:MEM1|altsyncram:altsyncram_component|altsyncram_6ng1:auto_generated|sld_mod_ram_rom:mgl_prim2|sld_jtag_endpoint_adapter:jtag_signal_adapter                                                                                                                                                                                           ;
;     |logic_pll:PLL                                                                                                                       ; 0.00 mW (0.00 mW)                    ; 0.00 mW (0.00 mW)               ; --                                ; 0.00 mW (0.00 mW)                 ; |testbench|logic_pll:PLL                                                                                                                                                                                                                                                                                                                              ;
;         |altpll:altpll_component                                                                                                         ; 0.00 mW (0.00 mW)                    ; 0.00 mW (0.00 mW)               ; --                                ; 0.00 mW (0.00 mW)                 ; |testbench|logic_pll:PLL|altpll:altpll_component                                                                                                                                                                                                                                                                                                      ;
;             |logic_pll_altpll:auto_generated                                                                                             ; 0.00 mW (0.00 mW)                    ; 0.00 mW (0.00 mW)               ; --                                ; 0.00 mW (0.00 mW)                 ; |testbench|logic_pll:PLL|altpll:altpll_component|logic_pll_altpll:auto_generated                                                                                                                                                                                                                                                                      ;
;     |ggt_top:TOP                                                                                                                         ; 0.00 mW (0.00 mW)                    ; 0.00 mW (0.00 mW)               ; --                                ; 0.00 mW (0.00 mW)                 ; |testbench|ggt_top:TOP                                                                                                                                                                                                                                                                                                                                ;
;         |controller:controller                                                                                                           ; 0.00 mW (0.00 mW)                    ; 0.00 mW (0.00 mW)               ; --                                ; 0.00 mW (0.00 mW)                 ; |testbench|ggt_top:TOP|controller:controller                                                                                                                                                                                                                                                                                                          ;
;         |datapath:datapath                                                                                                               ; 0.00 mW (0.00 mW)                    ; 0.00 mW (0.00 mW)               ; --                                ; 0.00 mW (0.00 mW)                 ; |testbench|ggt_top:TOP|datapath:datapath                                                                                                                                                                                                                                                                                                              ;
;             |alu:alu                                                                                                                     ; 0.00 mW (0.00 mW)                    ; 0.00 mW (0.00 mW)               ; --                                ; 0.00 mW (0.00 mW)                 ; |testbench|ggt_top:TOP|datapath:datapath|alu:alu                                                                                                                                                                                                                                                                                                      ;
;                 |modulo_top:modulo                                                                                                       ; 0.00 mW (0.00 mW)                    ; 0.00 mW (0.00 mW)               ; --                                ; 0.00 mW (0.00 mW)                 ; |testbench|ggt_top:TOP|datapath:datapath|alu:alu|modulo_top:modulo                                                                                                                                                                                                                                                                                    ;
;                     |controller_modulo:controller                                                                                        ; 0.00 mW (0.00 mW)                    ; 0.00 mW (0.00 mW)               ; --                                ; 0.00 mW (0.00 mW)                 ; |testbench|ggt_top:TOP|datapath:datapath|alu:alu|modulo_top:modulo|controller_modulo:controller                                                                                                                                                                                                                                                       ;
;                     |datapath_modulo:datapath                                                                                            ; 0.00 mW (0.00 mW)                    ; 0.00 mW (0.00 mW)               ; --                                ; 0.00 mW (0.00 mW)                 ; |testbench|ggt_top:TOP|datapath:datapath|alu:alu|modulo_top:modulo|datapath_modulo:datapath                                                                                                                                                                                                                                                           ;
;                         |alu_modulo:alu                                                                                                  ; 0.00 mW (0.00 mW)                    ; 0.00 mW (0.00 mW)               ; --                                ; 0.00 mW (0.00 mW)                 ; |testbench|ggt_top:TOP|datapath:datapath|alu:alu|modulo_top:modulo|datapath_modulo:datapath|alu_modulo:alu                                                                                                                                                                                                                                            ;
;     |hard_block:auto_generated_inst                                                                                                      ; 0.00 mW (0.00 mW)                    ; 0.00 mW (0.00 mW)               ; --                                ; 0.00 mW (0.00 mW)                 ; |testbench|hard_block:auto_generated_inst                                                                                                                                                                                                                                                                                                             ;
;     |sld_hub:auto_hub                                                                                                                    ; 0.13 mW (0.00 mW)                    ; 0.10 mW (0.00 mW)               ; --                                ; 0.03 mW (0.00 mW)                 ; |testbench|sld_hub:auto_hub                                                                                                                                                                                                                                                                                                                           ;
;         |alt_sld_fab_with_jtag_input:\instrumentation_fabric_with_node_gen:fabric_gen_new_way:with_jtag_input_gen:instrumentation_fabric ; 0.13 mW (0.00 mW)                    ; 0.10 mW (0.00 mW)               ; --                                ; 0.03 mW (0.00 mW)                 ; |testbench|sld_hub:auto_hub|alt_sld_fab_with_jtag_input:\instrumentation_fabric_with_node_gen:fabric_gen_new_way:with_jtag_input_gen:instrumentation_fabric                                                                                                                                                                                           ;
;             |alt_sld_fab:instrumentation_fabric                                                                                          ; 0.13 mW (0.00 mW)                    ; 0.10 mW (0.00 mW)               ; --                                ; 0.03 mW (0.00 mW)                 ; |testbench|sld_hub:auto_hub|alt_sld_fab_with_jtag_input:\instrumentation_fabric_with_node_gen:fabric_gen_new_way:with_jtag_input_gen:instrumentation_fabric|alt_sld_fab:instrumentation_fabric                                                                                                                                                        ;
;                 |alt_sld_fab_alt_sld_fab:alt_sld_fab                                                                                     ; 0.13 mW (0.00 mW)                    ; 0.10 mW (0.00 mW)               ; --                                ; 0.03 mW (0.00 mW)                 ; |testbench|sld_hub:auto_hub|alt_sld_fab_with_jtag_input:\instrumentation_fabric_with_node_gen:fabric_gen_new_way:with_jtag_input_gen:instrumentation_fabric|alt_sld_fab:instrumentation_fabric|alt_sld_fab_alt_sld_fab:alt_sld_fab                                                                                                                    ;
;                     |alt_sld_fab_alt_sld_fab_sldfabric:sldfabric                                                                         ; 0.12 mW (0.00 mW)                    ; 0.10 mW (0.00 mW)               ; --                                ; 0.03 mW (0.00 mW)                 ; |testbench|sld_hub:auto_hub|alt_sld_fab_with_jtag_input:\instrumentation_fabric_with_node_gen:fabric_gen_new_way:with_jtag_input_gen:instrumentation_fabric|alt_sld_fab:instrumentation_fabric|alt_sld_fab_alt_sld_fab:alt_sld_fab|alt_sld_fab_alt_sld_fab_sldfabric:sldfabric                                                                        ;
;                         |sld_jtag_hub:\jtag_hub_gen:real_sld_jtag_hub                                                                    ; 0.12 mW (0.08 mW)                    ; 0.10 mW (0.07 mW)               ; --                                ; 0.03 mW (0.02 mW)                 ; |testbench|sld_hub:auto_hub|alt_sld_fab_with_jtag_input:\instrumentation_fabric_with_node_gen:fabric_gen_new_way:with_jtag_input_gen:instrumentation_fabric|alt_sld_fab:instrumentation_fabric|alt_sld_fab_alt_sld_fab:alt_sld_fab|alt_sld_fab_alt_sld_fab_sldfabric:sldfabric|sld_jtag_hub:\jtag_hub_gen:real_sld_jtag_hub                           ;
;                             |sld_rom_sr:hub_info_reg                                                                                     ; 0.01 mW (0.01 mW)                    ; 0.01 mW (0.01 mW)               ; --                                ; 0.00 mW (0.00 mW)                 ; |testbench|sld_hub:auto_hub|alt_sld_fab_with_jtag_input:\instrumentation_fabric_with_node_gen:fabric_gen_new_way:with_jtag_input_gen:instrumentation_fabric|alt_sld_fab:instrumentation_fabric|alt_sld_fab_alt_sld_fab:alt_sld_fab|alt_sld_fab_alt_sld_fab_sldfabric:sldfabric|sld_jtag_hub:\jtag_hub_gen:real_sld_jtag_hub|sld_rom_sr:hub_info_reg   ;
;                             |sld_shadow_jsm:shadow_jsm                                                                                   ; 0.03 mW (0.03 mW)                    ; 0.02 mW (0.02 mW)               ; --                                ; 0.01 mW (0.01 mW)                 ; |testbench|sld_hub:auto_hub|alt_sld_fab_with_jtag_input:\instrumentation_fabric_with_node_gen:fabric_gen_new_way:with_jtag_input_gen:instrumentation_fabric|alt_sld_fab:instrumentation_fabric|alt_sld_fab_alt_sld_fab:alt_sld_fab|alt_sld_fab_alt_sld_fab_sldfabric:sldfabric|sld_jtag_hub:\jtag_hub_gen:real_sld_jtag_hub|sld_shadow_jsm:shadow_jsm ;
;         |sld_jtag_interface_mod:\jtag_interface_mod_gen:device_family_mod_inst                                                           ; 0.00 mW (0.00 mW)                    ; 0.00 mW (0.00 mW)               ; --                                ; 0.00 mW (0.00 mW)                 ; |testbench|sld_hub:auto_hub|sld_jtag_interface_mod:\jtag_interface_mod_gen:device_family_mod_inst                                                                                                                                                                                                                                                     ;
+------------------------------------------------------------------------------------------------------------------------------------------+--------------------------------------+---------------------------------+-----------------------------------+-----------------------------------+-------------------------------------------------------------------------------------------------------------------------------------------------------------------------------------------------------------------------------------------------------------------------------------------------------------------------------------------------------+
(1) Value in parentheses is the power consumed at that level of hierarchy. Value not in parentheses is the power consumed at that level of hierarchy plus the power consumed by all levels of hierarchy below it.

(2) The "Block Thermal Static Power" for all levels of hierarchy except the top-level hierarchy is part of the "Core Static Thermal Power Dissipation" value found on the PowerPlay Power Analyzer-->Summary report panel. The "Core Static Thermal Power Dissipation" also contains the thermal static power dissipated by the routing.


+------------------------------------------------------------------------+
; Core Dynamic Thermal Power Dissipation by Clock Domain                 ;
+---------------------+-----------------------+--------------------------+
; Clock Domain        ; Clock Frequency (MHz) ; Total Core Dynamic Power ;
+---------------------+-----------------------+--------------------------+
; altera_reserved_tck ; 10.00                 ; 0.46                     ;
; No clock domain     ; 0.00                  ; 0.09                     ;
+---------------------+-----------------------+--------------------------+


+------------------------------------------------------------------------------------------------------------------------------------+
; Current Drawn from Voltage Supplies Summary                                                                                        ;
+----------------+-------------------------+---------------------------+--------------------------+----------------------------------+
; Voltage Supply ; Total Current Drawn (1) ; Dynamic Current Drawn (1) ; Static Current Drawn (1) ; Minimum Power Supply Current (2) ;
+----------------+-------------------------+---------------------------+--------------------------+----------------------------------+
; VCCIO          ; 3.19 mA                 ; 0.05 mA                   ; 3.14 mA                  ; 3.19 mA                          ;
; VCCA           ; 3.02 mA                 ; 0.00 mA                   ; 3.02 mA                  ; 3.02 mA                          ;
; VCC_ONE        ; 37.78 mA                ; 0.47 mA                   ; 37.31 mA                 ; 37.78 mA                         ;
+----------------+-------------------------+---------------------------+--------------------------+----------------------------------+
(1) Currents reported in columns "Total Current Drawn", "Dynamic Current Drawn", and "Static Current Drawn" are sufficient for user operation of the device.  
(2) Currents reported in column "Minimum Power Supply Current" are sufficient for power-up, configuration, and user operation of the device.


+-----------------------------------------------------------------------------------------------+
; VCCIO Supply Current Drawn by I/O Bank                                                        ;
+----------+---------------+---------------------+-----------------------+----------------------+
; I/O Bank ; VCCIO Voltage ; Total Current Drawn ; Dynamic Current Drawn ; Static Current Drawn ;
+----------+---------------+---------------------+-----------------------+----------------------+
; 1A       ; 2.5V          ; 0.25 mA             ; 0.00 mA               ; 0.25 mA              ;
; 1B       ; 2.5V          ; 0.31 mA             ; 0.05 mA               ; 0.26 mA              ;
; 2        ; 3.3V          ; 1.62 mA             ; 0.00 mA               ; 1.62 mA              ;
; 3        ; 2.5V          ; 0.25 mA             ; 0.00 mA               ; 0.25 mA              ;
; 4        ; --            ; --                  ; --                    ; --                   ;
; 5        ; 2.5V          ; 0.25 mA             ; 0.00 mA               ; 0.25 mA              ;
; 6        ; 2.5V          ; 0.25 mA             ; 0.00 mA               ; 0.25 mA              ;
; 7        ; --            ; --                  ; --                    ; --                   ;
; 8        ; 2.5V          ; 0.26 mA             ; 0.00 mA               ; 0.26 mA              ;
+----------+---------------+---------------------+-----------------------+----------------------+


+-----------------------------------------------------------------------------------------------------------------------------------+
; VCCIO Supply Current Drawn by Voltage                                                                                             ;
+---------------+-------------------------+---------------------------+--------------------------+----------------------------------+
; VCCIO Voltage ; Total Current Drawn (1) ; Dynamic Current Drawn (1) ; Static Current Drawn (1) ; Minimum Power Supply Current (2) ;
+---------------+-------------------------+---------------------------+--------------------------+----------------------------------+
; 2.5V          ; 1.57 mA                 ; 0.05 mA                   ; 1.52 mA                  ; 1.57 mA                          ;
; 3.3V          ; 1.62 mA                 ; 0.00 mA                   ; 1.62 mA                  ; 1.62 mA                          ;
+---------------+-------------------------+---------------------------+--------------------------+----------------------------------+
(1) Currents reported in columns "Total Current Drawn", "Dynamic Current Drawn", and "Static Current Drawn" are sufficient for user operation of the device.  
(2) Currents reported in column "Minimum Power Supply Current" are sufficient for power-up, configuration, and user operation of the device.


+-------------------------------------------------------------------------------------------------------------------------------------------------+
; Confidence Metric Details                                                                                                                       ;
+----------------------------------------------------------------------------------------+-------------+-----------+--------------+---------------+
; Data Source                                                                            ; Total       ; Pin       ; Registered   ; Combinational ;
+----------------------------------------------------------------------------------------+-------------+-----------+--------------+---------------+
; Simulation (from file)                                                                 ;             ;           ;              ;               ;
;     -- Number of signals with Toggle Rate from Simulation                              ; 0 (0.0%)    ; 0 (0.0%)  ; 0 (0.0%)     ; 0 (0.0%)      ;
;     -- Number of signals with Static Probability from Simulation                       ; 0 (0.0%)    ; 0 (0.0%)  ; 0 (0.0%)     ; 0 (0.0%)      ;
;                                                                                        ;             ;           ;              ;               ;
; Node, entity or clock assignment                                                       ;             ;           ;              ;               ;
;     -- Number of signals with Toggle Rate from Node, entity or clock assignment        ; 2 (0.2%)    ; 1 (11.1%) ; 0 (0.0%)     ; 1 (0.2%)      ;
;     -- Number of signals with Static Probability from Node, entity or clock assignment ; 6 (0.6%)    ; 1 (11.1%) ; 0 (0.0%)     ; 5 (0.8%)      ;
;                                                                                        ;             ;           ;              ;               ;
; Vectorless estimation                                                                  ;             ;           ;              ;               ;
;     -- Number of signals with Toggle Rate from Vectorless estimation                   ; 928 (98.9%) ; 1 (11.1%) ; 297 (100.0%) ; 630 (99.7%)   ;
;     -- Number of signals with Zero toggle rate, from Vectorless estimation             ; 5 (0.5%)    ; 0 (0.0%)  ; 0 (0.0%)     ; 5 (0.8%)      ;
;     -- Number of signals with Static Probability from Vectorless estimation            ; 924 (98.5%) ; 1 (11.1%) ; 297 (100.0%) ; 626 (99.1%)   ;
;                                                                                        ;             ;           ;              ;               ;
; Default assignment                                                                     ;             ;           ;              ;               ;
;     -- Number of signals with Toggle Rate from Default assignment                      ; 2 (0.2%)    ; 2 (22.2%) ; 0 (0.0%)     ; 0 (0.0%)      ;
;     -- Number of signals with Static Probability from Default assignment               ; 8 (0.9%)    ; 7 (77.8%) ; 0 (0.0%)     ; 1 (0.2%)      ;
;                                                                                        ;             ;           ;              ;               ;
; Assumed 0                                                                              ;             ;           ;              ;               ;
;     -- Number of signals with Toggle Rate assumed 0                                    ; 6 (0.6%)    ; 5 (55.6%) ; 0 (0.0%)     ; 1 (0.2%)      ;
+----------------------------------------------------------------------------------------+-------------+-----------+--------------+---------------+


+---------------------------------------------------------------------------------------------------------------------------------------------+
; Signal Activities                                                                                                                           ;
+--------+------+---------------------------------------------+-------------------------+--------------------+--------------------------------+
; Signal ; Type ; Toggle Rate (millions of transitions / sec) ; Toggle Rate Data Source ; Static Probability ; Static Probability Data Source ;
+--------+------+---------------------------------------------+-------------------------+--------------------+--------------------------------+
(1) The "Signal Activity" Table has been hidden. To show this table, please select the "Write signal activities to report file" option under "PowerPlay Power Analyzer Settings".


+-------------------------+
; Power Analyzer Messages ;
+-------------------------+
Info: *******************************************************************
Info: Running Quartus Prime Power Analyzer
    Info: Version 21.1.0 Build 842 10/21/2021 SJ Lite Edition
    Info: Processing started: Thu Mar 13 11:17:02 2025
Info: Command: quartus_pow --read_settings_files=off --write_settings_files=off Euklidischer_Algorithmus -c Euklidischer_Algorithmus
Info (21077): Low junction temperature is 0 degrees C
Info (21077): High junction temperature is 85 degrees C
Warning (335093): The Timing Analyzer is analyzing 64 combinational loops as latches. For more details, run the Check Timing command in the Timing Analyzer or view the "User-Specified and Inferred Latches" table in the Analysis & Synthesis report.
Info (332164): Evaluating HDL-embedded SDC commands
    Info (332165): Entity sld_hub
        Info (332166): create_clock -name altera_reserved_tck [get_ports {altera_reserved_tck}] -period 10MHz   
        Info (332166): set_clock_groups -asynchronous -group {altera_reserved_tck}
Critical Warning (332012): Synopsys Design Constraints File file not found: 'Euklidischer_Algorithmus.sdc'. A Synopsys Design Constraints File is required by the Timing Analyzer to get proper timing constraints. Without it, the Compiler will not properly optimize the design.
Warning (332060): Node: clk was determined to be a clock but was found without an associated clock assignment.
    Info (13166): Register LEDM:MEM1|altsyncram:altsyncram_component|altsyncram_6ng1:auto_generated|altsyncram_e272:altsyncram1|ram_block3a0~porta_we_reg is being clocked by clk
Warning (332060): Node: ggt_top:TOP|datapath:datapath|alu:alu|modulo_top:modulo|controller_modulo:controller|current_state.STATE_update was determined to be a clock but was found without an associated clock assignment.
    Info (13166): Latch ggt_top:TOP|datapath:datapath|alu:alu|modulo_top:modulo|datapath_modulo:datapath|Zahl2_r[15] is being clocked by ggt_top:TOP|datapath:datapath|alu:alu|modulo_top:modulo|controller_modulo:controller|current_state.STATE_update
Warning (332060): Node: ggt_top:TOP|controller:controller|current_state.STATE_find_smaller was determined to be a clock but was found without an associated clock assignment.
    Info (13166): Latch ggt_top:TOP|datapath:datapath|Zahl2_r[15] is being clocked by ggt_top:TOP|controller:controller|current_state.STATE_find_smaller
Info (332097): The following timing edges are non-unate.  The Timing Analyzer will assume pos-unate behavior for these edges in the clock network.
    Info (332098): Cell: altera_internal_jtag  from: tck  to: tckutap
Warning (332056): PLL cross checking found inconsistent PLL clock settings:
    Warning (332056): Node: PLL|altpll_component|auto_generated|pll1|clk[0] was found missing 1 generated clock that corresponds to a base clock with a period of: 83.333
Critical Warning (332168): The following clock transfers have no clock uncertainty assignment. For more accurate results, apply clock uncertainty assignments or use the derive_clock_uncertainty command.
    Critical Warning (332169): From altera_reserved_tck (Rise) to altera_reserved_tck (Rise) (setup and hold)
    Critical Warning (332169): From altera_reserved_tck (Rise) to altera_reserved_tck (Fall) (setup and hold)
Info (223000): Starting Vectorless Power Activity Estimation
Warning (222013): Relative toggle rates could not be calculated because no clock domain could be identified for some nodes
Info (223001): Completed Vectorless Power Activity Estimation
Info (218000): Using Advanced I/O Power to simulate I/O buffers with the specified board trace model
Info (334003): Started post-fitting delay annotation
Info (334004): Delay annotation completed successfully
Info (215049): Average toggle rate for this design is 0.480 millions of transitions / sec
Info (215031): Total thermal power estimate for the design is 131.66 mW
Info: Quartus Prime Power Analyzer was successful. 0 errors, 11 warnings
    Info: Peak virtual memory: 4861 megabytes
    Info: Processing ended: Thu Mar 13 11:17:04 2025
    Info: Elapsed time: 00:00:02
    Info: Total CPU time (on all processors): 00:00:03


